2025/06/21 22:43:18 logger.go:22: [INFO] WE ARE HERE
2025/06/21 22:44:04 logger.go:22: [INFO] WE ARE HERE
2025/06/21 22:46:13 logger.go:22: [INFO] 0
2025/06/21 22:47:17 logger.go:22: [INFO] 0
2025/06/21 22:47:57 logger.go:22: [INFO] 11
2025/06/21 22:47:57 logger.go:22: [INFO] 11
2025/06/21 22:47:57 logger.go:22: [INFO] 11
2025/06/21 22:47:57 logger.go:22: [INFO] 11
2025/06/21 22:47:57 logger.go:22: [INFO] 11
2025/06/21 22:47:57 logger.go:22: [INFO] 11
2025/06/21 22:47:57 logger.go:22: [INFO] 0
2025/06/21 22:48:46 logger.go:22: [INFO] NOT VALID
2025/06/21 22:48:46 logger.go:22: [INFO] NOT VALID
2025/06/21 22:48:46 logger.go:22: [INFO] NOT VALID
2025/06/21 22:48:46 logger.go:22: [INFO] 0
2025/06/21 22:49:55 logger.go:22: [INFO] 0
2025/06/21 22:50:41 logger.go:22: [INFO] 0
2025/06/21 22:52:10 logger.go:22: [INFO] 3
2025/06/21 22:52:48 logger.go:22: [INFO] [0] Indian City: [0.9 0.5 0.4 0.4 0 0 0 0 0 0]
2025/06/21 22:52:48 logger.go:22: [INFO] [1] Wet Road: [0 0 0.45 0 0.45 0.45 0 0 0 0]
2025/06/21 22:52:48 logger.go:22: [INFO] [2] Rainy Cafe: [0.4 0 0 0 0 0.4 0.4 0.4 0.4 0.4]
2025/06/21 23:18:37 logger.go:22: [INFO] 10
2025/06/21 23:19:13 logger.go:22: [INFO] 10
2025/06/21 23:19:46 logger.go:22: [INFO] 10
2025/06/21 23:20:10 logger.go:22: [INFO] 3
2025/06/21 23:20:20 logger.go:22: [INFO] 6
2025/06/21 23:21:21 logger.go:22: [INFO] 3
2025/06/21 23:21:24 logger.go:22: [INFO] 10
2025/06/21 23:21:50 logger.go:22: [INFO] 3
2025/06/21 23:21:53 logger.go:22: [INFO] 10
2025/06/21 23:22:16 logger.go:22: [INFO] 10
2025/06/21 23:26:47 logger.go:22: [INFO] 3
2025/06/21 23:26:58 logger.go:22: [INFO] 6
2025/06/21 23:30:22 logger.go:22: [INFO] 3
2025/06/21 23:37:05 logger.go:22: [INFO] 10
2025/06/21 23:37:32 logger.go:22: [INFO] 3
2025/06/21 23:40:19 logger.go:22: [INFO] 4
2025/06/21 23:40:35 logger.go:22: [INFO] 5
2025/06/21 23:40:37 logger.go:22: [INFO] 4
2025/06/21 23:40:55 logger.go:22: [INFO] 4
2025/06/21 23:41:49 logger.go:22: [INFO] 5
2025/06/21 23:46:15 logger.go:22: [INFO] 4
2025/06/21 23:47:32 logger.go:22: [INFO] 4
2025/06/21 23:49:47 logger.go:22: [INFO] 8
2025/06/21 23:50:27 logger.go:22: [INFO] 7
2025/06/21 23:50:35 logger.go:22: [INFO] 8
2025/06/21 23:53:08 logger.go:22: [INFO] 4
2025/06/21 23:53:14 logger.go:22: [INFO] 10
2025/06/21 23:53:18 logger.go:22: [INFO] 11
2025/06/21 23:53:19 logger.go:22: [INFO] 10
2025/06/21 23:53:22 logger.go:22: [INFO] 11
2025/06/21 23:53:26 logger.go:22: [INFO] 10
2025/06/21 23:53:36 logger.go:22: [INFO] 8
2025/06/21 23:53:46 logger.go:22: [INFO] 5
2025/06/21 23:53:50 logger.go:22: [INFO] 8
2025/06/21 23:53:56 logger.go:22: [INFO] 8
2025/06/21 23:54:13 logger.go:22: [INFO] 8
2025/06/21 23:57:19 logger.go:22: [INFO] 8
2025/06/22 00:00:40 logger.go:22: [INFO] 8
2025/06/22 00:00:48 logger.go:22: [INFO] 10
2025/06/22 00:00:53 logger.go:22: [INFO] 8
2025/06/22 00:01:12 logger.go:22: [INFO] 8
2025/06/22 00:01:35 logger.go:22: [INFO] 8
2025/06/22 00:02:12 logger.go:22: [INFO] 8
2025/06/22 00:02:27 logger.go:22: [INFO] 8
2025/06/22 00:08:07 logger.go:22: [INFO] 8
2025/06/22 00:08:14 logger.go:22: [INFO] 8
2025/06/22 00:08:16 logger.go:22: [INFO] 11
2025/06/22 00:08:17 logger.go:22: [INFO] 11
2025/06/22 00:08:20 logger.go:22: [INFO] 11
2025/06/22 00:08:21 logger.go:22: [INFO] 8
2025/06/22 00:08:29 logger.go:22: [INFO] 8
2025/06/22 00:09:18 logger.go:22: [INFO] 8
2025/06/22 00:09:38 logger.go:22: [INFO] 8
2025/06/22 00:09:51 logger.go:22: [INFO] 8
